::1 - Wed Dec 26 2018 16:01:07 GMT+0530 (IST) - GET / HTTP/1.1 200 684 - 68 - Mozilla/5.0 (X11; Linux x86_64) AppleWebKit/537.36 (KHTML, like Gecko) Chrome/70.0.3538.110 Safari/537.36
::1 - Wed Dec 26 2018 16:01:07 GMT+0530 (IST) - GET /stylesheets/style.css HTTP/1.1 200 111 - 46 http://localhost:3000/ Mozilla/5.0 (X11; Linux x86_64) AppleWebKit/537.36 (KHTML, like Gecko) Chrome/70.0.3538.110 Safari/537.36
::1 - Wed Dec 26 2018 16:01:07 GMT+0530 (IST) - GET /javascripts/html5shiv.min.js HTTP/1.1 200 2730 - 66 http://localhost:3000/ Mozilla/5.0 (X11; Linux x86_64) AppleWebKit/537.36 (KHTML, like Gecko) Chrome/70.0.3538.110 Safari/537.36
::1 - Wed Dec 26 2018 16:01:07 GMT+0530 (IST) - GET /javascripts/html5shiv-printshiv.min.js HTTP/1.1 200 4366 - 57 http://localhost:3000/ Mozilla/5.0 (X11; Linux x86_64) AppleWebKit/537.36 (KHTML, like Gecko) Chrome/70.0.3538.110 Safari/537.36
::1 - Wed Dec 26 2018 16:01:07 GMT+0530 (IST) - GET /javascripts/respond.min.js HTTP/1.1 200 4593 - 59 http://localhost:3000/ Mozilla/5.0 (X11; Linux x86_64) AppleWebKit/537.36 (KHTML, like Gecko) Chrome/70.0.3538.110 Safari/537.36
::1 - Wed Dec 26 2018 16:01:07 GMT+0530 (IST) - GET /javascripts/respond.matchmedia.addListener.min.js HTTP/1.1 200 5235 - 64 http://localhost:3000/ Mozilla/5.0 (X11; Linux x86_64) AppleWebKit/537.36 (KHTML, like Gecko) Chrome/70.0.3538.110 Safari/537.36
::1 - Wed Dec 26 2018 16:01:07 GMT+0530 (IST) - GET /ficon.ico HTTP/1.1 200 106331 - 13 http://localhost:3000/ Mozilla/5.0 (X11; Linux x86_64) AppleWebKit/537.36 (KHTML, like Gecko) Chrome/70.0.3538.110 Safari/537.36
::1 - Wed Dec 26 2018 16:22:53 GMT+0530 (IST) - GET / HTTP/1.1 304 - - 31 - Mozilla/5.0 (X11; Linux x86_64) AppleWebKit/537.36 (KHTML, like Gecko) Chrome/70.0.3538.110 Safari/537.36
::1 - Wed Dec 26 2018 16:22:53 GMT+0530 (IST) - GET /stylesheets/style.css HTTP/1.1 304 - - 4 http://localhost:3000/ Mozilla/5.0 (X11; Linux x86_64) AppleWebKit/537.36 (KHTML, like Gecko) Chrome/70.0.3538.110 Safari/537.36
::1 - Wed Dec 26 2018 16:22:53 GMT+0530 (IST) - GET /javascripts/html5shiv.min.js HTTP/1.1 304 - - 4 http://localhost:3000/ Mozilla/5.0 (X11; Linux x86_64) AppleWebKit/537.36 (KHTML, like Gecko) Chrome/70.0.3538.110 Safari/537.36
::1 - Wed Dec 26 2018 16:22:53 GMT+0530 (IST) - GET /javascripts/html5shiv-printshiv.min.js HTTP/1.1 304 - - 4 http://localhost:3000/ Mozilla/5.0 (X11; Linux x86_64) AppleWebKit/537.36 (KHTML, like Gecko) Chrome/70.0.3538.110 Safari/537.36
::1 - Wed Dec 26 2018 16:22:53 GMT+0530 (IST) - GET /javascripts/respond.min.js HTTP/1.1 304 - - 4 http://localhost:3000/ Mozilla/5.0 (X11; Linux x86_64) AppleWebKit/537.36 (KHTML, like Gecko) Chrome/70.0.3538.110 Safari/537.36
::1 - Wed Dec 26 2018 16:22:53 GMT+0530 (IST) - GET /javascripts/respond.matchmedia.addListener.min.js HTTP/1.1 304 - - 4 http://localhost:3000/ Mozilla/5.0 (X11; Linux x86_64) AppleWebKit/537.36 (KHTML, like Gecko) Chrome/70.0.3538.110 Safari/537.36
::1 - Wed Dec 26 2018 16:23:50 GMT+0530 (IST) - GET / HTTP/1.1 304 - - 43 - Mozilla/5.0 (X11; Linux x86_64) AppleWebKit/537.36 (KHTML, like Gecko) Chrome/70.0.3538.110 Safari/537.36
::1 - Wed Dec 26 2018 16:23:50 GMT+0530 (IST) - GET /stylesheets/style.css HTTP/1.1 304 - - 3 http://localhost:3000/ Mozilla/5.0 (X11; Linux x86_64) AppleWebKit/537.36 (KHTML, like Gecko) Chrome/70.0.3538.110 Safari/537.36
::1 - Wed Dec 26 2018 16:23:50 GMT+0530 (IST) - GET /javascripts/html5shiv.min.js HTTP/1.1 304 - - 3 http://localhost:3000/ Mozilla/5.0 (X11; Linux x86_64) AppleWebKit/537.36 (KHTML, like Gecko) Chrome/70.0.3538.110 Safari/537.36
::1 - Wed Dec 26 2018 16:23:50 GMT+0530 (IST) - GET /javascripts/html5shiv-printshiv.min.js HTTP/1.1 304 - - 3 http://localhost:3000/ Mozilla/5.0 (X11; Linux x86_64) AppleWebKit/537.36 (KHTML, like Gecko) Chrome/70.0.3538.110 Safari/537.36
::1 - Wed Dec 26 2018 16:23:50 GMT+0530 (IST) - GET /javascripts/respond.min.js HTTP/1.1 304 - - 1 http://localhost:3000/ Mozilla/5.0 (X11; Linux x86_64) AppleWebKit/537.36 (KHTML, like Gecko) Chrome/70.0.3538.110 Safari/537.36
::1 - Wed Dec 26 2018 16:23:50 GMT+0530 (IST) - GET /javascripts/respond.matchmedia.addListener.min.js HTTP/1.1 304 - - 1 http://localhost:3000/ Mozilla/5.0 (X11; Linux x86_64) AppleWebKit/537.36 (KHTML, like Gecko) Chrome/70.0.3538.110 Safari/537.36
::1 - Wed Dec 26 2018 16:24:57 GMT+0530 (IST) - GET / HTTP/1.1 304 - - 29 - Mozilla/5.0 (X11; Linux x86_64) AppleWebKit/537.36 (KHTML, like Gecko) Chrome/70.0.3538.110 Safari/537.36
::1 - Wed Dec 26 2018 16:24:57 GMT+0530 (IST) - GET /stylesheets/style.css HTTP/1.1 304 - - 5 http://localhost:3000/ Mozilla/5.0 (X11; Linux x86_64) AppleWebKit/537.36 (KHTML, like Gecko) Chrome/70.0.3538.110 Safari/537.36
::1 - Wed Dec 26 2018 16:24:57 GMT+0530 (IST) - GET /javascripts/html5shiv.min.js HTTP/1.1 304 - - 7 http://localhost:3000/ Mozilla/5.0 (X11; Linux x86_64) AppleWebKit/537.36 (KHTML, like Gecko) Chrome/70.0.3538.110 Safari/537.36
::1 - Wed Dec 26 2018 16:24:57 GMT+0530 (IST) - GET /javascripts/html5shiv-printshiv.min.js HTTP/1.1 304 - - 7 http://localhost:3000/ Mozilla/5.0 (X11; Linux x86_64) AppleWebKit/537.36 (KHTML, like Gecko) Chrome/70.0.3538.110 Safari/537.36
::1 - Wed Dec 26 2018 16:24:57 GMT+0530 (IST) - GET /javascripts/respond.min.js HTTP/1.1 304 - - 1 http://localhost:3000/ Mozilla/5.0 (X11; Linux x86_64) AppleWebKit/537.36 (KHTML, like Gecko) Chrome/70.0.3538.110 Safari/537.36
::1 - Wed Dec 26 2018 16:24:57 GMT+0530 (IST) - GET /javascripts/respond.matchmedia.addListener.min.js HTTP/1.1 304 - - 1 http://localhost:3000/ Mozilla/5.0 (X11; Linux x86_64) AppleWebKit/537.36 (KHTML, like Gecko) Chrome/70.0.3538.110 Safari/537.36
::1 - Wed Dec 26 2018 16:25:48 GMT+0530 (IST) - GET / HTTP/1.1 304 - - 32 - Mozilla/5.0 (X11; Linux x86_64) AppleWebKit/537.36 (KHTML, like Gecko) Chrome/70.0.3538.110 Safari/537.36
::1 - Wed Dec 26 2018 16:25:48 GMT+0530 (IST) - GET /stylesheets/style.css HTTP/1.1 304 - - 1 http://localhost:3000/ Mozilla/5.0 (X11; Linux x86_64) AppleWebKit/537.36 (KHTML, like Gecko) Chrome/70.0.3538.110 Safari/537.36
::1 - Wed Dec 26 2018 16:25:48 GMT+0530 (IST) - GET /javascripts/html5shiv.min.js HTTP/1.1 304 - - 3 http://localhost:3000/ Mozilla/5.0 (X11; Linux x86_64) AppleWebKit/537.36 (KHTML, like Gecko) Chrome/70.0.3538.110 Safari/537.36
::1 - Wed Dec 26 2018 16:25:48 GMT+0530 (IST) - GET /javascripts/html5shiv-printshiv.min.js HTTP/1.1 304 - - 2 http://localhost:3000/ Mozilla/5.0 (X11; Linux x86_64) AppleWebKit/537.36 (KHTML, like Gecko) Chrome/70.0.3538.110 Safari/537.36
::1 - Wed Dec 26 2018 16:25:48 GMT+0530 (IST) - GET /javascripts/respond.min.js HTTP/1.1 304 - - 2 http://localhost:3000/ Mozilla/5.0 (X11; Linux x86_64) AppleWebKit/537.36 (KHTML, like Gecko) Chrome/70.0.3538.110 Safari/537.36
::1 - Wed Dec 26 2018 16:25:48 GMT+0530 (IST) - GET /javascripts/respond.matchmedia.addListener.min.js HTTP/1.1 304 - - 1 http://localhost:3000/ Mozilla/5.0 (X11; Linux x86_64) AppleWebKit/537.36 (KHTML, like Gecko) Chrome/70.0.3538.110 Safari/537.36
::1 - Wed Dec 26 2018 16:29:05 GMT+0530 (IST) - GET / HTTP/1.1 304 - - 29 - Mozilla/5.0 (X11; Linux x86_64) AppleWebKit/537.36 (KHTML, like Gecko) Chrome/70.0.3538.110 Safari/537.36
::1 - Wed Dec 26 2018 16:29:05 GMT+0530 (IST) - GET /stylesheets/style.css HTTP/1.1 304 - - 3 http://localhost:3000/ Mozilla/5.0 (X11; Linux x86_64) AppleWebKit/537.36 (KHTML, like Gecko) Chrome/70.0.3538.110 Safari/537.36
::1 - Wed Dec 26 2018 16:29:05 GMT+0530 (IST) - GET /javascripts/html5shiv.min.js HTTP/1.1 304 - - 3 http://localhost:3000/ Mozilla/5.0 (X11; Linux x86_64) AppleWebKit/537.36 (KHTML, like Gecko) Chrome/70.0.3538.110 Safari/537.36
::1 - Wed Dec 26 2018 16:29:05 GMT+0530 (IST) - GET /javascripts/html5shiv-printshiv.min.js HTTP/1.1 304 - - 3 http://localhost:3000/ Mozilla/5.0 (X11; Linux x86_64) AppleWebKit/537.36 (KHTML, like Gecko) Chrome/70.0.3538.110 Safari/537.36
::1 - Wed Dec 26 2018 16:29:05 GMT+0530 (IST) - GET /javascripts/respond.min.js HTTP/1.1 304 - - 1 http://localhost:3000/ Mozilla/5.0 (X11; Linux x86_64) AppleWebKit/537.36 (KHTML, like Gecko) Chrome/70.0.3538.110 Safari/537.36
::1 - Wed Dec 26 2018 16:29:05 GMT+0530 (IST) - GET /javascripts/respond.matchmedia.addListener.min.js HTTP/1.1 304 - - 1 http://localhost:3000/ Mozilla/5.0 (X11; Linux x86_64) AppleWebKit/537.36 (KHTML, like Gecko) Chrome/70.0.3538.110 Safari/537.36
::1 - Wed Dec 26 2018 16:30:06 GMT+0530 (IST) - GET / HTTP/1.1 304 - - 36 - Mozilla/5.0 (X11; Linux x86_64) AppleWebKit/537.36 (KHTML, like Gecko) Chrome/70.0.3538.110 Safari/537.36
::1 - Wed Dec 26 2018 16:30:06 GMT+0530 (IST) - GET /stylesheets/style.css HTTP/1.1 304 - - 5 http://localhost:3000/ Mozilla/5.0 (X11; Linux x86_64) AppleWebKit/537.36 (KHTML, like Gecko) Chrome/70.0.3538.110 Safari/537.36
::1 - Wed Dec 26 2018 16:30:06 GMT+0530 (IST) - GET /javascripts/html5shiv.min.js HTTP/1.1 304 - - 3 http://localhost:3000/ Mozilla/5.0 (X11; Linux x86_64) AppleWebKit/537.36 (KHTML, like Gecko) Chrome/70.0.3538.110 Safari/537.36
::1 - Wed Dec 26 2018 16:30:06 GMT+0530 (IST) - GET /javascripts/html5shiv-printshiv.min.js HTTP/1.1 304 - - 1 http://localhost:3000/ Mozilla/5.0 (X11; Linux x86_64) AppleWebKit/537.36 (KHTML, like Gecko) Chrome/70.0.3538.110 Safari/537.36
::1 - Wed Dec 26 2018 16:30:06 GMT+0530 (IST) - GET /javascripts/respond.min.js HTTP/1.1 304 - - 2 http://localhost:3000/ Mozilla/5.0 (X11; Linux x86_64) AppleWebKit/537.36 (KHTML, like Gecko) Chrome/70.0.3538.110 Safari/537.36
::1 - Wed Dec 26 2018 16:30:06 GMT+0530 (IST) - GET /javascripts/respond.matchmedia.addListener.min.js HTTP/1.1 304 - - 2 http://localhost:3000/ Mozilla/5.0 (X11; Linux x86_64) AppleWebKit/537.36 (KHTML, like Gecko) Chrome/70.0.3538.110 Safari/537.36
::1 - Wed Dec 26 2018 16:31:03 GMT+0530 (IST) - GET / HTTP/1.1 304 - - 38 - Mozilla/5.0 (X11; Linux x86_64) AppleWebKit/537.36 (KHTML, like Gecko) Chrome/70.0.3538.110 Safari/537.36
::1 - Wed Dec 26 2018 16:31:03 GMT+0530 (IST) - GET /stylesheets/style.css HTTP/1.1 304 - - 5 http://localhost:3000/ Mozilla/5.0 (X11; Linux x86_64) AppleWebKit/537.36 (KHTML, like Gecko) Chrome/70.0.3538.110 Safari/537.36
::1 - Wed Dec 26 2018 16:31:03 GMT+0530 (IST) - GET /javascripts/html5shiv.min.js HTTP/1.1 304 - - 5 http://localhost:3000/ Mozilla/5.0 (X11; Linux x86_64) AppleWebKit/537.36 (KHTML, like Gecko) Chrome/70.0.3538.110 Safari/537.36
::1 - Wed Dec 26 2018 16:31:03 GMT+0530 (IST) - GET /javascripts/html5shiv-printshiv.min.js HTTP/1.1 304 - - 4 http://localhost:3000/ Mozilla/5.0 (X11; Linux x86_64) AppleWebKit/537.36 (KHTML, like Gecko) Chrome/70.0.3538.110 Safari/537.36
::1 - Wed Dec 26 2018 16:31:03 GMT+0530 (IST) - GET /javascripts/respond.min.js HTTP/1.1 304 - - 4 http://localhost:3000/ Mozilla/5.0 (X11; Linux x86_64) AppleWebKit/537.36 (KHTML, like Gecko) Chrome/70.0.3538.110 Safari/537.36
::1 - Wed Dec 26 2018 16:31:03 GMT+0530 (IST) - GET /javascripts/respond.matchmedia.addListener.min.js HTTP/1.1 304 - - 0 http://localhost:3000/ Mozilla/5.0 (X11; Linux x86_64) AppleWebKit/537.36 (KHTML, like Gecko) Chrome/70.0.3538.110 Safari/537.36
::1 - Wed Dec 26 2018 16:34:21 GMT+0530 (IST) - GET / HTTP/1.1 304 - - 68 - Mozilla/5.0 (X11; Linux x86_64) AppleWebKit/537.36 (KHTML, like Gecko) Chrome/70.0.3538.110 Safari/537.36
::1 - Wed Dec 26 2018 16:34:21 GMT+0530 (IST) - GET /stylesheets/style.css HTTP/1.1 304 - - 2 http://localhost:3000/ Mozilla/5.0 (X11; Linux x86_64) AppleWebKit/537.36 (KHTML, like Gecko) Chrome/70.0.3538.110 Safari/537.36
::1 - Wed Dec 26 2018 16:34:21 GMT+0530 (IST) - GET /javascripts/html5shiv.min.js HTTP/1.1 304 - - 2 http://localhost:3000/ Mozilla/5.0 (X11; Linux x86_64) AppleWebKit/537.36 (KHTML, like Gecko) Chrome/70.0.3538.110 Safari/537.36
::1 - Wed Dec 26 2018 16:34:21 GMT+0530 (IST) - GET /javascripts/html5shiv-printshiv.min.js HTTP/1.1 304 - - 2 http://localhost:3000/ Mozilla/5.0 (X11; Linux x86_64) AppleWebKit/537.36 (KHTML, like Gecko) Chrome/70.0.3538.110 Safari/537.36
::1 - Wed Dec 26 2018 16:34:21 GMT+0530 (IST) - GET /javascripts/respond.min.js HTTP/1.1 304 - - 1 http://localhost:3000/ Mozilla/5.0 (X11; Linux x86_64) AppleWebKit/537.36 (KHTML, like Gecko) Chrome/70.0.3538.110 Safari/537.36
::1 - Wed Dec 26 2018 16:34:21 GMT+0530 (IST) - GET /javascripts/respond.matchmedia.addListener.min.js HTTP/1.1 304 - - 2 http://localhost:3000/ Mozilla/5.0 (X11; Linux x86_64) AppleWebKit/537.36 (KHTML, like Gecko) Chrome/70.0.3538.110 Safari/537.36
::1 - Wed Dec 26 2018 16:41:37 GMT+0530 (IST) - GET / HTTP/1.1 304 - - 35 - Mozilla/5.0 (X11; Linux x86_64) AppleWebKit/537.36 (KHTML, like Gecko) Chrome/70.0.3538.110 Safari/537.36
::1 - Wed Dec 26 2018 16:41:37 GMT+0530 (IST) - GET /stylesheets/style.css HTTP/1.1 304 - - 4 http://localhost:3000/ Mozilla/5.0 (X11; Linux x86_64) AppleWebKit/537.36 (KHTML, like Gecko) Chrome/70.0.3538.110 Safari/537.36
::1 - Wed Dec 26 2018 16:41:37 GMT+0530 (IST) - GET /javascripts/html5shiv.min.js HTTP/1.1 304 - - 6 http://localhost:3000/ Mozilla/5.0 (X11; Linux x86_64) AppleWebKit/537.36 (KHTML, like Gecko) Chrome/70.0.3538.110 Safari/537.36
::1 - Wed Dec 26 2018 16:41:37 GMT+0530 (IST) - GET /javascripts/html5shiv-printshiv.min.js HTTP/1.1 304 - - 2 http://localhost:3000/ Mozilla/5.0 (X11; Linux x86_64) AppleWebKit/537.36 (KHTML, like Gecko) Chrome/70.0.3538.110 Safari/537.36
::1 - Wed Dec 26 2018 16:41:37 GMT+0530 (IST) - GET /javascripts/respond.min.js HTTP/1.1 304 - - 2 http://localhost:3000/ Mozilla/5.0 (X11; Linux x86_64) AppleWebKit/537.36 (KHTML, like Gecko) Chrome/70.0.3538.110 Safari/537.36
::1 - Wed Dec 26 2018 16:41:37 GMT+0530 (IST) - GET /javascripts/respond.matchmedia.addListener.min.js HTTP/1.1 304 - - 2 http://localhost:3000/ Mozilla/5.0 (X11; Linux x86_64) AppleWebKit/537.36 (KHTML, like Gecko) Chrome/70.0.3538.110 Safari/537.36
::1 - Wed Dec 26 2018 16:42:07 GMT+0530 (IST) - GET / HTTP/1.1 304 - - 40 - Mozilla/5.0 (X11; Linux x86_64) AppleWebKit/537.36 (KHTML, like Gecko) Chrome/70.0.3538.110 Safari/537.36
::1 - Wed Dec 26 2018 16:42:07 GMT+0530 (IST) - GET /stylesheets/style.css HTTP/1.1 304 - - 2 http://localhost:3000/ Mozilla/5.0 (X11; Linux x86_64) AppleWebKit/537.36 (KHTML, like Gecko) Chrome/70.0.3538.110 Safari/537.36
::1 - Wed Dec 26 2018 16:42:07 GMT+0530 (IST) - GET /javascripts/html5shiv.min.js HTTP/1.1 304 - - 2 http://localhost:3000/ Mozilla/5.0 (X11; Linux x86_64) AppleWebKit/537.36 (KHTML, like Gecko) Chrome/70.0.3538.110 Safari/537.36
::1 - Wed Dec 26 2018 16:42:07 GMT+0530 (IST) - GET /javascripts/html5shiv-printshiv.min.js HTTP/1.1 304 - - 2 http://localhost:3000/ Mozilla/5.0 (X11; Linux x86_64) AppleWebKit/537.36 (KHTML, like Gecko) Chrome/70.0.3538.110 Safari/537.36
::1 - Wed Dec 26 2018 16:42:07 GMT+0530 (IST) - GET /javascripts/respond.min.js HTTP/1.1 304 - - 2 http://localhost:3000/ Mozilla/5.0 (X11; Linux x86_64) AppleWebKit/537.36 (KHTML, like Gecko) Chrome/70.0.3538.110 Safari/537.36
::1 - Wed Dec 26 2018 16:42:07 GMT+0530 (IST) - GET /javascripts/respond.matchmedia.addListener.min.js HTTP/1.1 304 - - 2 http://localhost:3000/ Mozilla/5.0 (X11; Linux x86_64) AppleWebKit/537.36 (KHTML, like Gecko) Chrome/70.0.3538.110 Safari/537.36
::1 - Wed Dec 26 2018 16:48:15 GMT+0530 (IST) - GET / HTTP/1.1 304 - - 36 - Mozilla/5.0 (X11; Linux x86_64) AppleWebKit/537.36 (KHTML, like Gecko) Chrome/70.0.3538.110 Safari/537.36
::1 - Wed Dec 26 2018 16:48:15 GMT+0530 (IST) - GET /stylesheets/style.css HTTP/1.1 304 - - 3 http://localhost:3000/ Mozilla/5.0 (X11; Linux x86_64) AppleWebKit/537.36 (KHTML, like Gecko) Chrome/70.0.3538.110 Safari/537.36
::1 - Wed Dec 26 2018 16:48:15 GMT+0530 (IST) - GET /javascripts/html5shiv.min.js HTTP/1.1 304 - - 3 http://localhost:3000/ Mozilla/5.0 (X11; Linux x86_64) AppleWebKit/537.36 (KHTML, like Gecko) Chrome/70.0.3538.110 Safari/537.36
::1 - Wed Dec 26 2018 16:48:15 GMT+0530 (IST) - GET /javascripts/html5shiv-printshiv.min.js HTTP/1.1 304 - - 3 http://localhost:3000/ Mozilla/5.0 (X11; Linux x86_64) AppleWebKit/537.36 (KHTML, like Gecko) Chrome/70.0.3538.110 Safari/537.36
::1 - Wed Dec 26 2018 16:48:15 GMT+0530 (IST) - GET /javascripts/respond.min.js HTTP/1.1 304 - - 3 http://localhost:3000/ Mozilla/5.0 (X11; Linux x86_64) AppleWebKit/537.36 (KHTML, like Gecko) Chrome/70.0.3538.110 Safari/537.36
::1 - Wed Dec 26 2018 16:48:15 GMT+0530 (IST) - GET /javascripts/respond.matchmedia.addListener.min.js HTTP/1.1 304 - - 0 http://localhost:3000/ Mozilla/5.0 (X11; Linux x86_64) AppleWebKit/537.36 (KHTML, like Gecko) Chrome/70.0.3538.110 Safari/537.36
::1 - Wed Dec 26 2018 16:51:06 GMT+0530 (IST) - GET / HTTP/1.1 304 - - 43 - Mozilla/5.0 (X11; Linux x86_64) AppleWebKit/537.36 (KHTML, like Gecko) Chrome/70.0.3538.110 Safari/537.36
::1 - Wed Dec 26 2018 16:51:06 GMT+0530 (IST) - GET /stylesheets/style.css HTTP/1.1 304 - - 4 http://localhost:3000/ Mozilla/5.0 (X11; Linux x86_64) AppleWebKit/537.36 (KHTML, like Gecko) Chrome/70.0.3538.110 Safari/537.36
::1 - Wed Dec 26 2018 16:51:06 GMT+0530 (IST) - GET /javascripts/html5shiv.min.js HTTP/1.1 304 - - 4 http://localhost:3000/ Mozilla/5.0 (X11; Linux x86_64) AppleWebKit/537.36 (KHTML, like Gecko) Chrome/70.0.3538.110 Safari/537.36
::1 - Wed Dec 26 2018 16:51:06 GMT+0530 (IST) - GET /javascripts/html5shiv-printshiv.min.js HTTP/1.1 304 - - 4 http://localhost:3000/ Mozilla/5.0 (X11; Linux x86_64) AppleWebKit/537.36 (KHTML, like Gecko) Chrome/70.0.3538.110 Safari/537.36
::1 - Wed Dec 26 2018 16:51:06 GMT+0530 (IST) - GET /javascripts/respond.min.js HTTP/1.1 304 - - 4 http://localhost:3000/ Mozilla/5.0 (X11; Linux x86_64) AppleWebKit/537.36 (KHTML, like Gecko) Chrome/70.0.3538.110 Safari/537.36
::1 - Wed Dec 26 2018 16:51:06 GMT+0530 (IST) - GET /javascripts/respond.matchmedia.addListener.min.js HTTP/1.1 304 - - 3 http://localhost:3000/ Mozilla/5.0 (X11; Linux x86_64) AppleWebKit/537.36 (KHTML, like Gecko) Chrome/70.0.3538.110 Safari/537.36
::1 - Wed Dec 26 2018 16:52:02 GMT+0530 (IST) - GET / HTTP/1.1 304 - - 32 - Mozilla/5.0 (X11; Linux x86_64) AppleWebKit/537.36 (KHTML, like Gecko) Chrome/70.0.3538.110 Safari/537.36
::1 - Wed Dec 26 2018 16:52:02 GMT+0530 (IST) - GET /stylesheets/style.css HTTP/1.1 304 - - 4 http://localhost:3000/ Mozilla/5.0 (X11; Linux x86_64) AppleWebKit/537.36 (KHTML, like Gecko) Chrome/70.0.3538.110 Safari/537.36
::1 - Wed Dec 26 2018 16:52:02 GMT+0530 (IST) - GET /javascripts/html5shiv.min.js HTTP/1.1 304 - - 4 http://localhost:3000/ Mozilla/5.0 (X11; Linux x86_64) AppleWebKit/537.36 (KHTML, like Gecko) Chrome/70.0.3538.110 Safari/537.36
::1 - Wed Dec 26 2018 16:52:02 GMT+0530 (IST) - GET /javascripts/html5shiv-printshiv.min.js HTTP/1.1 304 - - 4 http://localhost:3000/ Mozilla/5.0 (X11; Linux x86_64) AppleWebKit/537.36 (KHTML, like Gecko) Chrome/70.0.3538.110 Safari/537.36
::1 - Wed Dec 26 2018 16:52:02 GMT+0530 (IST) - GET /javascripts/respond.min.js HTTP/1.1 304 - - 3 http://localhost:3000/ Mozilla/5.0 (X11; Linux x86_64) AppleWebKit/537.36 (KHTML, like Gecko) Chrome/70.0.3538.110 Safari/537.36
::1 - Wed Dec 26 2018 16:52:02 GMT+0530 (IST) - GET /javascripts/respond.matchmedia.addListener.min.js HTTP/1.1 304 - - 0 http://localhost:3000/ Mozilla/5.0 (X11; Linux x86_64) AppleWebKit/537.36 (KHTML, like Gecko) Chrome/70.0.3538.110 Safari/537.36
::1 - Wed Dec 26 2018 16:53:48 GMT+0530 (IST) - GET / HTTP/1.1 200 - - 14 - Mozilla/5.0 (X11; Linux x86_64) AppleWebKit/537.36 (KHTML, like Gecko) Chrome/70.0.3538.110 Safari/537.36
::1 - Wed Dec 26 2018 16:54:09 GMT+0530 (IST) - GET / HTTP/1.1 200 - - 1 - Mozilla/5.0 (X11; Linux x86_64) AppleWebKit/537.36 (KHTML, like Gecko) Chrome/70.0.3538.110 Safari/537.36
::1 - Wed Dec 26 2018 16:55:02 GMT+0530 (IST) - GET / HTTP/1.1 200 663 - 42 - Mozilla/5.0 (X11; Linux x86_64) AppleWebKit/537.36 (KHTML, like Gecko) Chrome/70.0.3538.110 Safari/537.36
::1 - Wed Dec 26 2018 16:55:02 GMT+0530 (IST) - GET /stylesheets/style.css HTTP/1.1 304 - - 4 http://localhost:3000/ Mozilla/5.0 (X11; Linux x86_64) AppleWebKit/537.36 (KHTML, like Gecko) Chrome/70.0.3538.110 Safari/537.36
::1 - Wed Dec 26 2018 16:55:02 GMT+0530 (IST) - GET /javascripts/html5shiv.min.js HTTP/1.1 304 - - 4 http://localhost:3000/ Mozilla/5.0 (X11; Linux x86_64) AppleWebKit/537.36 (KHTML, like Gecko) Chrome/70.0.3538.110 Safari/537.36
::1 - Wed Dec 26 2018 16:55:02 GMT+0530 (IST) - GET /javascripts/html5shiv-printshiv.min.js HTTP/1.1 304 - - 4 http://localhost:3000/ Mozilla/5.0 (X11; Linux x86_64) AppleWebKit/537.36 (KHTML, like Gecko) Chrome/70.0.3538.110 Safari/537.36
::1 - Wed Dec 26 2018 16:55:02 GMT+0530 (IST) - GET /javascripts/respond.min.js HTTP/1.1 304 - - 4 http://localhost:3000/ Mozilla/5.0 (X11; Linux x86_64) AppleWebKit/537.36 (KHTML, like Gecko) Chrome/70.0.3538.110 Safari/537.36
::1 - Wed Dec 26 2018 16:55:02 GMT+0530 (IST) - GET /javascripts/respond.matchmedia.addListener.min.js HTTP/1.1 304 - - 4 http://localhost:3000/ Mozilla/5.0 (X11; Linux x86_64) AppleWebKit/537.36 (KHTML, like Gecko) Chrome/70.0.3538.110 Safari/537.36
::1 - Wed Dec 26 2018 16:55:02 GMT+0530 (IST) - GET /ficon.ico HTTP/1.1 304 - - 1 http://localhost:3000/ Mozilla/5.0 (X11; Linux x86_64) AppleWebKit/537.36 (KHTML, like Gecko) Chrome/70.0.3538.110 Safari/537.36
::1 - Wed Dec 26 2018 16:55:44 GMT+0530 (IST) - GET / HTTP/1.1 304 - - 34 - Mozilla/5.0 (X11; Linux x86_64) AppleWebKit/537.36 (KHTML, like Gecko) Chrome/70.0.3538.110 Safari/537.36
::1 - Wed Dec 26 2018 16:55:44 GMT+0530 (IST) - GET /stylesheets/style.css HTTP/1.1 304 - - 4 http://localhost:3000/ Mozilla/5.0 (X11; Linux x86_64) AppleWebKit/537.36 (KHTML, like Gecko) Chrome/70.0.3538.110 Safari/537.36
::1 - Wed Dec 26 2018 16:55:44 GMT+0530 (IST) - GET /javascripts/html5shiv.min.js HTTP/1.1 304 - - 4 http://localhost:3000/ Mozilla/5.0 (X11; Linux x86_64) AppleWebKit/537.36 (KHTML, like Gecko) Chrome/70.0.3538.110 Safari/537.36
::1 - Wed Dec 26 2018 16:55:44 GMT+0530 (IST) - GET /javascripts/html5shiv-printshiv.min.js HTTP/1.1 304 - - 4 http://localhost:3000/ Mozilla/5.0 (X11; Linux x86_64) AppleWebKit/537.36 (KHTML, like Gecko) Chrome/70.0.3538.110 Safari/537.36
::1 - Wed Dec 26 2018 16:55:44 GMT+0530 (IST) - GET /javascripts/respond.min.js HTTP/1.1 304 - - 4 http://localhost:3000/ Mozilla/5.0 (X11; Linux x86_64) AppleWebKit/537.36 (KHTML, like Gecko) Chrome/70.0.3538.110 Safari/537.36
::1 - Wed Dec 26 2018 16:55:44 GMT+0530 (IST) - GET /javascripts/respond.matchmedia.addListener.min.js HTTP/1.1 304 - - 1 http://localhost:3000/ Mozilla/5.0 (X11; Linux x86_64) AppleWebKit/537.36 (KHTML, like Gecko) Chrome/70.0.3538.110 Safari/537.36
::1 - Wed Dec 26 2018 16:59:36 GMT+0530 (IST) - GET / HTTP/1.1 304 - - 30 - Mozilla/5.0 (X11; Linux x86_64) AppleWebKit/537.36 (KHTML, like Gecko) Chrome/70.0.3538.110 Safari/537.36
::1 - Wed Dec 26 2018 16:59:36 GMT+0530 (IST) - GET /stylesheets/style.css HTTP/1.1 304 - - 5 http://localhost:3000/ Mozilla/5.0 (X11; Linux x86_64) AppleWebKit/537.36 (KHTML, like Gecko) Chrome/70.0.3538.110 Safari/537.36
::1 - Wed Dec 26 2018 16:59:36 GMT+0530 (IST) - GET /javascripts/html5shiv.min.js HTTP/1.1 304 - - 3 http://localhost:3000/ Mozilla/5.0 (X11; Linux x86_64) AppleWebKit/537.36 (KHTML, like Gecko) Chrome/70.0.3538.110 Safari/537.36
::1 - Wed Dec 26 2018 16:59:36 GMT+0530 (IST) - GET /javascripts/html5shiv-printshiv.min.js HTTP/1.1 304 - - 2 http://localhost:3000/ Mozilla/5.0 (X11; Linux x86_64) AppleWebKit/537.36 (KHTML, like Gecko) Chrome/70.0.3538.110 Safari/537.36
::1 - Wed Dec 26 2018 16:59:36 GMT+0530 (IST) - GET /javascripts/respond.min.js HTTP/1.1 304 - - 2 http://localhost:3000/ Mozilla/5.0 (X11; Linux x86_64) AppleWebKit/537.36 (KHTML, like Gecko) Chrome/70.0.3538.110 Safari/537.36
::1 - Wed Dec 26 2018 16:59:36 GMT+0530 (IST) - GET /javascripts/respond.matchmedia.addListener.min.js HTTP/1.1 304 - - 1 http://localhost:3000/ Mozilla/5.0 (X11; Linux x86_64) AppleWebKit/537.36 (KHTML, like Gecko) Chrome/70.0.3538.110 Safari/537.36
::1 - Wed Dec 26 2018 17:00:01 GMT+0530 (IST) - GET / HTTP/1.1 200 663 - 36 - Mozilla/5.0 (X11; Linux x86_64) AppleWebKit/537.36 (KHTML, like Gecko) Chrome/70.0.3538.110 Safari/537.36
::1 - Wed Dec 26 2018 17:00:01 GMT+0530 (IST) - GET /stylesheets/style.css HTTP/1.1 200 111 - 46 http://localhost:3000/ Mozilla/5.0 (X11; Linux x86_64) AppleWebKit/537.36 (KHTML, like Gecko) Chrome/70.0.3538.110 Safari/537.36
::1 - Wed Dec 26 2018 17:00:01 GMT+0530 (IST) - GET /javascripts/html5shiv.min.js HTTP/1.1 200 2730 - 49 http://localhost:3000/ Mozilla/5.0 (X11; Linux x86_64) AppleWebKit/537.36 (KHTML, like Gecko) Chrome/70.0.3538.110 Safari/537.36
::1 - Wed Dec 26 2018 17:00:01 GMT+0530 (IST) - GET /javascripts/html5shiv-printshiv.min.js HTTP/1.1 200 4366 - 47 http://localhost:3000/ Mozilla/5.0 (X11; Linux x86_64) AppleWebKit/537.36 (KHTML, like Gecko) Chrome/70.0.3538.110 Safari/537.36
::1 - Wed Dec 26 2018 17:00:01 GMT+0530 (IST) - GET /javascripts/respond.matchmedia.addListener.min.js HTTP/1.1 200 5235 - 49 http://localhost:3000/ Mozilla/5.0 (X11; Linux x86_64) AppleWebKit/537.36 (KHTML, like Gecko) Chrome/70.0.3538.110 Safari/537.36
::1 - Wed Dec 26 2018 17:00:01 GMT+0530 (IST) - GET /javascripts/respond.min.js HTTP/1.1 200 4593 - 51 http://localhost:3000/ Mozilla/5.0 (X11; Linux x86_64) AppleWebKit/537.36 (KHTML, like Gecko) Chrome/70.0.3538.110 Safari/537.36
::1 - Wed Dec 26 2018 17:00:01 GMT+0530 (IST) - GET /ficon.ico HTTP/1.1 200 106331 - 13 http://localhost:3000/ Mozilla/5.0 (X11; Linux x86_64) AppleWebKit/537.36 (KHTML, like Gecko) Chrome/70.0.3538.110 Safari/537.36
::1 - Wed Dec 26 2018 17:01:50 GMT+0530 (IST) - GET / HTTP/1.1 304 - - 32 - Mozilla/5.0 (X11; Linux x86_64) AppleWebKit/537.36 (KHTML, like Gecko) Chrome/70.0.3538.110 Safari/537.36
::1 - Wed Dec 26 2018 17:01:50 GMT+0530 (IST) - GET /stylesheets/style.css HTTP/1.1 304 - - 4 http://localhost:3000/ Mozilla/5.0 (X11; Linux x86_64) AppleWebKit/537.36 (KHTML, like Gecko) Chrome/70.0.3538.110 Safari/537.36
::1 - Wed Dec 26 2018 17:01:50 GMT+0530 (IST) - GET /javascripts/html5shiv.min.js HTTP/1.1 304 - - 4 http://localhost:3000/ Mozilla/5.0 (X11; Linux x86_64) AppleWebKit/537.36 (KHTML, like Gecko) Chrome/70.0.3538.110 Safari/537.36
::1 - Wed Dec 26 2018 17:01:50 GMT+0530 (IST) - GET /javascripts/html5shiv-printshiv.min.js HTTP/1.1 304 - - 4 http://localhost:3000/ Mozilla/5.0 (X11; Linux x86_64) AppleWebKit/537.36 (KHTML, like Gecko) Chrome/70.0.3538.110 Safari/537.36
::1 - Wed Dec 26 2018 17:01:50 GMT+0530 (IST) - GET /javascripts/respond.min.js HTTP/1.1 304 - - 4 http://localhost:3000/ Mozilla/5.0 (X11; Linux x86_64) AppleWebKit/537.36 (KHTML, like Gecko) Chrome/70.0.3538.110 Safari/537.36
::1 - Wed Dec 26 2018 17:01:50 GMT+0530 (IST) - GET /javascripts/respond.matchmedia.addListener.min.js HTTP/1.1 304 - - 4 http://localhost:3000/ Mozilla/5.0 (X11; Linux x86_64) AppleWebKit/537.36 (KHTML, like Gecko) Chrome/70.0.3538.110 Safari/537.36
::1 - Wed Dec 26 2018 17:02:20 GMT+0530 (IST) - GET / HTTP/1.1 304 - - 37 - Mozilla/5.0 (X11; Linux x86_64) AppleWebKit/537.36 (KHTML, like Gecko) Chrome/70.0.3538.110 Safari/537.36
::1 - Wed Dec 26 2018 17:02:20 GMT+0530 (IST) - GET /stylesheets/style.css HTTP/1.1 304 - - 3 http://localhost:3000/ Mozilla/5.0 (X11; Linux x86_64) AppleWebKit/537.36 (KHTML, like Gecko) Chrome/70.0.3538.110 Safari/537.36
::1 - Wed Dec 26 2018 17:02:20 GMT+0530 (IST) - GET /javascripts/html5shiv.min.js HTTP/1.1 304 - - 3 http://localhost:3000/ Mozilla/5.0 (X11; Linux x86_64) AppleWebKit/537.36 (KHTML, like Gecko) Chrome/70.0.3538.110 Safari/537.36
::1 - Wed Dec 26 2018 17:02:20 GMT+0530 (IST) - GET /javascripts/html5shiv-printshiv.min.js HTTP/1.1 304 - - 8 http://localhost:3000/ Mozilla/5.0 (X11; Linux x86_64) AppleWebKit/537.36 (KHTML, like Gecko) Chrome/70.0.3538.110 Safari/537.36
::1 - Wed Dec 26 2018 17:02:20 GMT+0530 (IST) - GET /javascripts/respond.min.js HTTP/1.1 304 - - 8 http://localhost:3000/ Mozilla/5.0 (X11; Linux x86_64) AppleWebKit/537.36 (KHTML, like Gecko) Chrome/70.0.3538.110 Safari/537.36
::1 - Wed Dec 26 2018 17:02:20 GMT+0530 (IST) - GET /javascripts/respond.matchmedia.addListener.min.js HTTP/1.1 304 - - 8 http://localhost:3000/ Mozilla/5.0 (X11; Linux x86_64) AppleWebKit/537.36 (KHTML, like Gecko) Chrome/70.0.3538.110 Safari/537.36
::1 - Wed Dec 26 2018 17:04:54 GMT+0530 (IST) - GET / HTTP/1.1 200 708 - 44 - Mozilla/5.0 (X11; Linux x86_64) AppleWebKit/537.36 (KHTML, like Gecko) Chrome/70.0.3538.110 Safari/537.36
::1 - Wed Dec 26 2018 17:04:54 GMT+0530 (IST) - GET /stylesheets/style.css HTTP/1.1 304 - - 3 http://localhost:3000/ Mozilla/5.0 (X11; Linux x86_64) AppleWebKit/537.36 (KHTML, like Gecko) Chrome/70.0.3538.110 Safari/537.36
::1 - Wed Dec 26 2018 17:04:54 GMT+0530 (IST) - GET /javascripts/html5shiv.min.js HTTP/1.1 304 - - 3 http://localhost:3000/ Mozilla/5.0 (X11; Linux x86_64) AppleWebKit/537.36 (KHTML, like Gecko) Chrome/70.0.3538.110 Safari/537.36
::1 - Wed Dec 26 2018 17:04:54 GMT+0530 (IST) - GET /javascripts/html5shiv-printshiv.min.js HTTP/1.1 304 - - 1 http://localhost:3000/ Mozilla/5.0 (X11; Linux x86_64) AppleWebKit/537.36 (KHTML, like Gecko) Chrome/70.0.3538.110 Safari/537.36
::1 - Wed Dec 26 2018 17:04:54 GMT+0530 (IST) - GET /javascripts/respond.min.js HTTP/1.1 304 - - 1 http://localhost:3000/ Mozilla/5.0 (X11; Linux x86_64) AppleWebKit/537.36 (KHTML, like Gecko) Chrome/70.0.3538.110 Safari/537.36
::1 - Wed Dec 26 2018 17:04:54 GMT+0530 (IST) - GET /javascripts/respond.matchmedia.addListener.min.js HTTP/1.1 304 - - 1 http://localhost:3000/ Mozilla/5.0 (X11; Linux x86_64) AppleWebKit/537.36 (KHTML, like Gecko) Chrome/70.0.3538.110 Safari/537.36
::1 - Wed Dec 26 2018 17:05:43 GMT+0530 (IST) - GET / HTTP/1.1 304 - - 38 - Mozilla/5.0 (X11; Linux x86_64) AppleWebKit/537.36 (KHTML, like Gecko) Chrome/70.0.3538.110 Safari/537.36
::1 - Wed Dec 26 2018 17:05:43 GMT+0530 (IST) - GET /stylesheets/style.css HTTP/1.1 304 - - 3 http://localhost:3000/ Mozilla/5.0 (X11; Linux x86_64) AppleWebKit/537.36 (KHTML, like Gecko) Chrome/70.0.3538.110 Safari/537.36
::1 - Wed Dec 26 2018 17:05:43 GMT+0530 (IST) - GET /javascripts/html5shiv.min.js HTTP/1.1 304 - - 2 http://localhost:3000/ Mozilla/5.0 (X11; Linux x86_64) AppleWebKit/537.36 (KHTML, like Gecko) Chrome/70.0.3538.110 Safari/537.36
::1 - Wed Dec 26 2018 17:05:43 GMT+0530 (IST) - GET /javascripts/html5shiv-printshiv.min.js HTTP/1.1 304 - - 1 http://localhost:3000/ Mozilla/5.0 (X11; Linux x86_64) AppleWebKit/537.36 (KHTML, like Gecko) Chrome/70.0.3538.110 Safari/537.36
::1 - Wed Dec 26 2018 17:05:43 GMT+0530 (IST) - GET /javascripts/respond.min.js HTTP/1.1 304 - - 1 http://localhost:3000/ Mozilla/5.0 (X11; Linux x86_64) AppleWebKit/537.36 (KHTML, like Gecko) Chrome/70.0.3538.110 Safari/537.36
::1 - Wed Dec 26 2018 17:05:43 GMT+0530 (IST) - GET /javascripts/respond.matchmedia.addListener.min.js HTTP/1.1 304 - - 1 http://localhost:3000/ Mozilla/5.0 (X11; Linux x86_64) AppleWebKit/537.36 (KHTML, like Gecko) Chrome/70.0.3538.110 Safari/537.36
::1 - Wed Dec 26 2018 17:06:20 GMT+0530 (IST) - GET / HTTP/1.1 500 35 - 10 - Mozilla/5.0 (X11; Linux x86_64) AppleWebKit/537.36 (KHTML, like Gecko) Chrome/70.0.3538.110 Safari/537.36
::1 - Wed Dec 26 2018 17:07:44 GMT+0530 (IST) - GET / HTTP/1.1 200 990 - 60 - Mozilla/5.0 (X11; Linux x86_64) AppleWebKit/537.36 (KHTML, like Gecko) Chrome/70.0.3538.110 Safari/537.36
::1 - Wed Dec 26 2018 17:07:44 GMT+0530 (IST) - GET /stylesheets/style.css HTTP/1.1 304 - - 3 http://localhost:3000/ Mozilla/5.0 (X11; Linux x86_64) AppleWebKit/537.36 (KHTML, like Gecko) Chrome/70.0.3538.110 Safari/537.36
::1 - Wed Dec 26 2018 17:07:44 GMT+0530 (IST) - GET /javascripts/html5shiv.min.js HTTP/1.1 304 - - 4 http://localhost:3000/ Mozilla/5.0 (X11; Linux x86_64) AppleWebKit/537.36 (KHTML, like Gecko) Chrome/70.0.3538.110 Safari/537.36
::1 - Wed Dec 26 2018 17:07:44 GMT+0530 (IST) - GET /javascripts/html5shiv-printshiv.min.js HTTP/1.1 304 - - 3 http://localhost:3000/ Mozilla/5.0 (X11; Linux x86_64) AppleWebKit/537.36 (KHTML, like Gecko) Chrome/70.0.3538.110 Safari/537.36
::1 - Wed Dec 26 2018 17:07:44 GMT+0530 (IST) - GET /javascripts/respond.min.js HTTP/1.1 304 - - 3 http://localhost:3000/ Mozilla/5.0 (X11; Linux x86_64) AppleWebKit/537.36 (KHTML, like Gecko) Chrome/70.0.3538.110 Safari/537.36
::1 - Wed Dec 26 2018 17:07:44 GMT+0530 (IST) - GET /javascripts/respond.matchmedia.addListener.min.js HTTP/1.1 304 - - 0 http://localhost:3000/ Mozilla/5.0 (X11; Linux x86_64) AppleWebKit/537.36 (KHTML, like Gecko) Chrome/70.0.3538.110 Safari/537.36
::1 - Wed Dec 26 2018 17:07:44 GMT+0530 (IST) - GET /ficon.ico HTTP/1.1 304 - - 0 http://localhost:3000/ Mozilla/5.0 (X11; Linux x86_64) AppleWebKit/537.36 (KHTML, like Gecko) Chrome/70.0.3538.110 Safari/537.36
::1 - Wed Dec 26 2018 17:12:37 GMT+0530 (IST) - GET / HTTP/1.1 304 - - 41 - Mozilla/5.0 (X11; Linux x86_64) AppleWebKit/537.36 (KHTML, like Gecko) Chrome/70.0.3538.110 Safari/537.36
::1 - Wed Dec 26 2018 17:12:37 GMT+0530 (IST) - GET /stylesheets/style.css HTTP/1.1 304 - - 5 http://localhost:3000/ Mozilla/5.0 (X11; Linux x86_64) AppleWebKit/537.36 (KHTML, like Gecko) Chrome/70.0.3538.110 Safari/537.36
::1 - Wed Dec 26 2018 17:12:37 GMT+0530 (IST) - GET /javascripts/html5shiv.min.js HTTP/1.1 304 - - 6 http://localhost:3000/ Mozilla/5.0 (X11; Linux x86_64) AppleWebKit/537.36 (KHTML, like Gecko) Chrome/70.0.3538.110 Safari/537.36
::1 - Wed Dec 26 2018 17:12:37 GMT+0530 (IST) - GET /javascripts/html5shiv-printshiv.min.js HTTP/1.1 304 - - 6 http://localhost:3000/ Mozilla/5.0 (X11; Linux x86_64) AppleWebKit/537.36 (KHTML, like Gecko) Chrome/70.0.3538.110 Safari/537.36
::1 - Wed Dec 26 2018 17:12:37 GMT+0530 (IST) - GET /javascripts/respond.min.js HTTP/1.1 304 - - 2 http://localhost:3000/ Mozilla/5.0 (X11; Linux x86_64) AppleWebKit/537.36 (KHTML, like Gecko) Chrome/70.0.3538.110 Safari/537.36
::1 - Wed Dec 26 2018 17:12:37 GMT+0530 (IST) - GET /javascripts/respond.matchmedia.addListener.min.js HTTP/1.1 304 - - 1 http://localhost:3000/ Mozilla/5.0 (X11; Linux x86_64) AppleWebKit/537.36 (KHTML, like Gecko) Chrome/70.0.3538.110 Safari/537.36
::1 - Wed Dec 26 2018 17:35:27 GMT+0530 (IST) - GET / HTTP/1.1 - - - - - Mozilla/5.0 (X11; Linux x86_64) AppleWebKit/537.36 (KHTML, like Gecko) Chrome/70.0.3538.110 Safari/537.36
::1 - Wed Dec 26 2018 17:35:51 GMT+0530 (IST) - GET / HTTP/1.1 200 708 - 67 - Mozilla/5.0 (X11; Linux x86_64) AppleWebKit/537.36 (KHTML, like Gecko) Chrome/70.0.3538.110 Safari/537.36
::1 - Wed Dec 26 2018 17:35:51 GMT+0530 (IST) - GET /stylesheets/style.css HTTP/1.1 304 - - 2 http://localhost:3000/ Mozilla/5.0 (X11; Linux x86_64) AppleWebKit/537.36 (KHTML, like Gecko) Chrome/70.0.3538.110 Safari/537.36
::1 - Wed Dec 26 2018 17:35:51 GMT+0530 (IST) - GET /javascripts/html5shiv.min.js HTTP/1.1 304 - - 1 http://localhost:3000/ Mozilla/5.0 (X11; Linux x86_64) AppleWebKit/537.36 (KHTML, like Gecko) Chrome/70.0.3538.110 Safari/537.36
::1 - Wed Dec 26 2018 17:35:51 GMT+0530 (IST) - GET /javascripts/html5shiv-printshiv.min.js HTTP/1.1 304 - - 1 http://localhost:3000/ Mozilla/5.0 (X11; Linux x86_64) AppleWebKit/537.36 (KHTML, like Gecko) Chrome/70.0.3538.110 Safari/537.36
::1 - Wed Dec 26 2018 17:35:51 GMT+0530 (IST) - GET /javascripts/respond.min.js HTTP/1.1 304 - - 1 http://localhost:3000/ Mozilla/5.0 (X11; Linux x86_64) AppleWebKit/537.36 (KHTML, like Gecko) Chrome/70.0.3538.110 Safari/537.36
::1 - Wed Dec 26 2018 17:35:51 GMT+0530 (IST) - GET /javascripts/respond.matchmedia.addListener.min.js HTTP/1.1 304 - - 1 http://localhost:3000/ Mozilla/5.0 (X11; Linux x86_64) AppleWebKit/537.36 (KHTML, like Gecko) Chrome/70.0.3538.110 Safari/537.36
::1 - Wed Dec 26 2018 17:36:23 GMT+0530 (IST) - GET / HTTP/1.1 200 1077 - 36 - Mozilla/5.0 (X11; Linux x86_64) AppleWebKit/537.36 (KHTML, like Gecko) Chrome/70.0.3538.110 Safari/537.36
::1 - Wed Dec 26 2018 17:36:23 GMT+0530 (IST) - GET /stylesheets/style.css HTTP/1.1 304 - - 2 http://localhost:3000/ Mozilla/5.0 (X11; Linux x86_64) AppleWebKit/537.36 (KHTML, like Gecko) Chrome/70.0.3538.110 Safari/537.36
::1 - Wed Dec 26 2018 17:36:23 GMT+0530 (IST) - GET /javascripts/html5shiv.min.js HTTP/1.1 304 - - 5 http://localhost:3000/ Mozilla/5.0 (X11; Linux x86_64) AppleWebKit/537.36 (KHTML, like Gecko) Chrome/70.0.3538.110 Safari/537.36
::1 - Wed Dec 26 2018 17:36:23 GMT+0530 (IST) - GET /javascripts/html5shiv-printshiv.min.js HTTP/1.1 304 - - 1 http://localhost:3000/ Mozilla/5.0 (X11; Linux x86_64) AppleWebKit/537.36 (KHTML, like Gecko) Chrome/70.0.3538.110 Safari/537.36
::1 - Wed Dec 26 2018 17:36:23 GMT+0530 (IST) - GET /javascripts/respond.min.js HTTP/1.1 304 - - 1 http://localhost:3000/ Mozilla/5.0 (X11; Linux x86_64) AppleWebKit/537.36 (KHTML, like Gecko) Chrome/70.0.3538.110 Safari/537.36
::1 - Wed Dec 26 2018 17:36:23 GMT+0530 (IST) - GET /javascripts/respond.matchmedia.addListener.min.js HTTP/1.1 304 - - 1 http://localhost:3000/ Mozilla/5.0 (X11; Linux x86_64) AppleWebKit/537.36 (KHTML, like Gecko) Chrome/70.0.3538.110 Safari/537.36
::1 - Wed Dec 26 2018 17:37:55 GMT+0530 (IST) - GET / HTTP/1.1 304 - - 37 - Mozilla/5.0 (X11; Linux x86_64) AppleWebKit/537.36 (KHTML, like Gecko) Chrome/70.0.3538.110 Safari/537.36
::1 - Wed Dec 26 2018 17:37:55 GMT+0530 (IST) - GET /stylesheets/style.css HTTP/1.1 304 - - 3 http://localhost:3000/ Mozilla/5.0 (X11; Linux x86_64) AppleWebKit/537.36 (KHTML, like Gecko) Chrome/70.0.3538.110 Safari/537.36
::1 - Wed Dec 26 2018 17:37:55 GMT+0530 (IST) - GET /javascripts/html5shiv.min.js HTTP/1.1 304 - - 2 http://localhost:3000/ Mozilla/5.0 (X11; Linux x86_64) AppleWebKit/537.36 (KHTML, like Gecko) Chrome/70.0.3538.110 Safari/537.36
::1 - Wed Dec 26 2018 17:37:55 GMT+0530 (IST) - GET /javascripts/html5shiv-printshiv.min.js HTTP/1.1 304 - - 1 http://localhost:3000/ Mozilla/5.0 (X11; Linux x86_64) AppleWebKit/537.36 (KHTML, like Gecko) Chrome/70.0.3538.110 Safari/537.36
::1 - Wed Dec 26 2018 17:37:55 GMT+0530 (IST) - GET /javascripts/respond.min.js HTTP/1.1 304 - - 1 http://localhost:3000/ Mozilla/5.0 (X11; Linux x86_64) AppleWebKit/537.36 (KHTML, like Gecko) Chrome/70.0.3538.110 Safari/537.36
::1 - Wed Dec 26 2018 17:37:55 GMT+0530 (IST) - GET /javascripts/respond.matchmedia.addListener.min.js HTTP/1.1 304 - - 1 http://localhost:3000/ Mozilla/5.0 (X11; Linux x86_64) AppleWebKit/537.36 (KHTML, like Gecko) Chrome/70.0.3538.110 Safari/537.36
::1 - Wed Dec 26 2018 17:39:12 GMT+0530 (IST) - GET / HTTP/1.1 200 990 - 54 - Mozilla/5.0 (X11; Linux x86_64) AppleWebKit/537.36 (KHTML, like Gecko) Chrome/70.0.3538.110 Safari/537.36
::1 - Wed Dec 26 2018 17:39:12 GMT+0530 (IST) - GET /stylesheets/style.css HTTP/1.1 304 - - 16 http://localhost:3000/ Mozilla/5.0 (X11; Linux x86_64) AppleWebKit/537.36 (KHTML, like Gecko) Chrome/70.0.3538.110 Safari/537.36
::1 - Wed Dec 26 2018 17:39:12 GMT+0530 (IST) - GET /javascripts/html5shiv.min.js HTTP/1.1 304 - - 17 http://localhost:3000/ Mozilla/5.0 (X11; Linux x86_64) AppleWebKit/537.36 (KHTML, like Gecko) Chrome/70.0.3538.110 Safari/537.36
::1 - Wed Dec 26 2018 17:39:12 GMT+0530 (IST) - GET /javascripts/html5shiv-printshiv.min.js HTTP/1.1 304 - - 2 http://localhost:3000/ Mozilla/5.0 (X11; Linux x86_64) AppleWebKit/537.36 (KHTML, like Gecko) Chrome/70.0.3538.110 Safari/537.36
::1 - Wed Dec 26 2018 17:39:12 GMT+0530 (IST) - GET /javascripts/respond.min.js HTTP/1.1 304 - - 1 http://localhost:3000/ Mozilla/5.0 (X11; Linux x86_64) AppleWebKit/537.36 (KHTML, like Gecko) Chrome/70.0.3538.110 Safari/537.36
::1 - Wed Dec 26 2018 17:39:12 GMT+0530 (IST) - GET /javascripts/respond.matchmedia.addListener.min.js HTTP/1.1 304 - - 1 http://localhost:3000/ Mozilla/5.0 (X11; Linux x86_64) AppleWebKit/537.36 (KHTML, like Gecko) Chrome/70.0.3538.110 Safari/537.36
::1 - Wed Dec 26 2018 17:52:09 GMT+0530 (IST) - GET / HTTP/1.1 - - - - - Mozilla/5.0 (X11; Linux x86_64) AppleWebKit/537.36 (KHTML, like Gecko) Chrome/70.0.3538.110 Safari/537.36
